Hmm ... looks like a package

This is pdfTeX, Version 3.141592-1.40.3 (Web2C 7.5.6)
entering extended mode
(./Rd2.tex
LaTeX2e <2005/12/01>
Babel <v3.8h> and hyphenation patterns for english, usenglishmax, dumylang, noh
yphenation, arabic, basque, bulgarian, coptic, welsh, czech, slovak, german, ng
erman, danish, esperanto, spanish, catalan, galician, estonian, farsi, finnish,
 french, greek, monogreek, ancientgreek, croatian, hungarian, interlingua, ibyc
us, indonesian, icelandic, italian, latin, mongolian, dutch, norsk, polish, por
tuguese, pinyin, romanian, russian, slovenian, uppersorbian, serbian, swedish, 
turkish, ukenglish, ukrainian, loaded.

(/usr/share/texmf/tex/latex/base/book.cls
Document Class: book 2005/09/16 v1.4f Standard LaTeX document class
(/usr/share/texmf/tex/latex/base/bk10.clo))
(/apps/R/2.15.0/lib64/R/share/texmf/tex/latex/Rd.sty
(/usr/share/texmf/tex/latex/base/ifthen.sty)
(/usr/share/texmf/tex/latex/tools/longtable.sty)
(/usr/share/texmf/tex/latex/tools/bm.sty)
(/usr/share/texmf/tex/latex/base/alltt.sty)
(/usr/share/texmf/tex/latex/tools/verbatim.sty)
(/usr/share/texmf/tex/latex/ltxmisc/url.sty)
(/apps/R/2.15.0/lib64/R/share/texmf/tex/latex/upquote.sty
(/usr/share/texmf/tex/latex/base/textcomp.sty
(/usr/share/texmf/tex/latex/base/ts1enc.def))) NOT loading ae
(/usr/share/texmf/tex/latex/base/fontenc.sty
(/usr/share/texmf/tex/latex/base/t1enc.def))
(/usr/share/texmf/tex/latex/psnfss/times.sty) NOT loading lmodern
(/usr/share/texmf/tex/latex/graphics/color.sty
(/usr/lib/texmf/tex/latex/config/color.cfg)
(/usr/share/texmf/tex/latex/pdftex-def/pdftex.def))
(/usr/share/texmf/tex/latex/hyperref/hyperref.sty
(/usr/share/texmf/tex/latex/graphics/keyval.sty)
(/usr/share/texmf/tex/latex/hyperref/pd1enc.def)
(/usr/lib/texmf/tex/latex/config/hyperref.cfg)
(/usr/share/texmf/tex/latex/oberdiek/kvoptions.sty)
Implicit mode ON; LaTeX internals redefined
)
*hyperref using default driver hpdftex*
(/usr/share/texmf/tex/latex/hyperref/hpdftex.def)

Package hyperref Warning: Option `hyperindex' has already been used,
(hyperref)                setting the option has no effect on input line 356.


Package hyperref Warning: Option `pagebackref' has already been used,
(hyperref)                setting the option has no effect on input line 356.

) (/usr/share/texmf/tex/latex/base/makeidx.sty)
(/usr/share/texmf/tex/latex/base/inputenc.sty
(/usr/share/texmf/tex/latex/base/utf8.def
(/usr/share/texmf/tex/latex/base/t1enc.dfu)
(/usr/share/texmf/tex/latex/base/ot1enc.dfu)
(/usr/share/texmf/tex/latex/base/omsenc.dfu)
(/usr/share/texmf/tex/latex/base/ts1enc.dfu))
(/usr/share/texmf/tex/latex/base/latin1.def))
Writing index file Rd2.idx
No file Rd2.aux.
(/usr/share/texmf/tex/latex/base/ts1cmr.fd)
(/usr/share/texmf/tex/latex/psnfss/t1ptm.fd)
(/usr/share/texmf/tex/latex/hyperref/nameref.sty
(/usr/share/texmf/tex/latex/oberdiek/refcount.sty))
(/usr/share/texmf/tex/latex/psnfss/t1pcr.fd)
(/usr/share/texmf/tex/latex/psnfss/t1phv.fd)
(/usr/share/texmf/tex/latex/base/utf8.def) [1{/var/lib/texmf/fonts/map/pdftex/u
pdmap/pdftex.map}] (/usr/share/texmf/tex/latex/base/utf8.def)
(/usr/share/texmf/tex/latex/psnfss/ts1pcr.fd) [2]
(/usr/share/texmf/tex/latex/base/utf8.def)
Overfull \hbox (156.78088pt too wide) in paragraph at lines 130--130
 []\T1/pcr/m/n/10 ReadData(datafile, line.names = FALSE, na.strings = "NA", mar
ker.names = FALSE, csv = FALSE)[] 
[3]
Overfull \hbox (36.7804pt too wide) in paragraph at lines 184--184
 []\T1/pcr/m/n/9 deldat <- ReadData(datafile="./deldata.txt", marker.names=TRUE
, line.names=TRUE)[] 
(/usr/share/texmf/tex/latex/base/utf8.def)
Overfull \hbox (330.78088pt too wide) in paragraph at lines 203--203
 []\T1/pcr/m/n/10 SimDeletions(numlines = NULL, plines = 0.5, nummarkers = NULL
, labels = NULL, Enumdel = 4, p.missing = NULL, seed = NULL)[] 
[4]
No file Rd2.ind.
[5] (./Rd2.aux) )
(see the transcript file for additional information)pdfTeX warning (dest): name
{Rfn.plot} has been referenced but does not exist, replaced by a fixed one

pdfTeX warning (dest): name{Rfn.summary} has been referenced but does not exist
, replaced by a fixed one

{/usr/share/texmf/fonts/enc/dvips/base/8r.enc}</usr/share/texmf/fonts/type1/urw
/courier/ucrr8a.pfb></usr/share/texmf/fonts/type1/urw/helvetic/uhvr8a.pfb></usr
/share/texmf/fonts/type1/urw/times/utmb8a.pfb></usr/share/texmf/fonts/type1/urw
/times/utmr8a.pfb></usr/share/texmf/fonts/type1/urw/times/utmr8a.pfb></usr/shar
e/texmf/fonts/type1/urw/times/utmri8a.pfb>
Output written on Rd2.pdf (5 pages, 84505 bytes).
Transcript written on Rd2.log.
This is makeindex, version 2.14 [02-Oct-2002] (kpathsea + Thai support).
Scanning input file Rd2.idx....done (12 entries accepted, 0 rejected).
Sorting entries....done (43 comparisons).
Generating output file Rd2.ind....done (28 lines written, 1 warning).
Output written in Rd2.ind.
Transcript written in Rd2.ilg.
This is pdfTeX, Version 3.141592-1.40.3 (Web2C 7.5.6)
entering extended mode
(./Rd2.tex
LaTeX2e <2005/12/01>
Babel <v3.8h> and hyphenation patterns for english, usenglishmax, dumylang, noh
yphenation, arabic, basque, bulgarian, coptic, welsh, czech, slovak, german, ng
erman, danish, esperanto, spanish, catalan, galician, estonian, farsi, finnish,
 french, greek, monogreek, ancientgreek, croatian, hungarian, interlingua, ibyc
us, indonesian, icelandic, italian, latin, mongolian, dutch, norsk, polish, por
tuguese, pinyin, romanian, russian, slovenian, uppersorbian, serbian, swedish, 
turkish, ukenglish, ukrainian, loaded.

(/usr/share/texmf/tex/latex/base/book.cls
Document Class: book 2005/09/16 v1.4f Standard LaTeX document class
(/usr/share/texmf/tex/latex/base/bk10.clo))
(/apps/R/2.15.0/lib64/R/share/texmf/tex/latex/Rd.sty
(/usr/share/texmf/tex/latex/base/ifthen.sty)
(/usr/share/texmf/tex/latex/tools/longtable.sty)
(/usr/share/texmf/tex/latex/tools/bm.sty)
(/usr/share/texmf/tex/latex/base/alltt.sty)
(/usr/share/texmf/tex/latex/tools/verbatim.sty)
(/usr/share/texmf/tex/latex/ltxmisc/url.sty)
(/apps/R/2.15.0/lib64/R/share/texmf/tex/latex/upquote.sty
(/usr/share/texmf/tex/latex/base/textcomp.sty
(/usr/share/texmf/tex/latex/base/ts1enc.def))) NOT loading ae
(/usr/share/texmf/tex/latex/base/fontenc.sty
(/usr/share/texmf/tex/latex/base/t1enc.def))
(/usr/share/texmf/tex/latex/psnfss/times.sty) NOT loading lmodern
(/usr/share/texmf/tex/latex/graphics/color.sty
(/usr/lib/texmf/tex/latex/config/color.cfg)
(/usr/share/texmf/tex/latex/pdftex-def/pdftex.def))
(/usr/share/texmf/tex/latex/hyperref/hyperref.sty
(/usr/share/texmf/tex/latex/graphics/keyval.sty)
(/usr/share/texmf/tex/latex/hyperref/pd1enc.def)
(/usr/lib/texmf/tex/latex/config/hyperref.cfg)
(/usr/share/texmf/tex/latex/oberdiek/kvoptions.sty)
Implicit mode ON; LaTeX internals redefined
)
*hyperref using default driver hpdftex*
(/usr/share/texmf/tex/latex/hyperref/hpdftex.def)

Package hyperref Warning: Option `hyperindex' has already been used,
(hyperref)                setting the option has no effect on input line 356.


Package hyperref Warning: Option `pagebackref' has already been used,
(hyperref)                setting the option has no effect on input line 356.

) (/usr/share/texmf/tex/latex/base/makeidx.sty)
(/usr/share/texmf/tex/latex/base/inputenc.sty
(/usr/share/texmf/tex/latex/base/utf8.def
(/usr/share/texmf/tex/latex/base/t1enc.dfu)
(/usr/share/texmf/tex/latex/base/ot1enc.dfu)
(/usr/share/texmf/tex/latex/base/omsenc.dfu)
(/usr/share/texmf/tex/latex/base/ts1enc.dfu))
(/usr/share/texmf/tex/latex/base/latin1.def))
Writing index file Rd2.idx
(./Rd2.aux) (/usr/share/texmf/tex/latex/base/ts1cmr.fd)
(/usr/share/texmf/tex/latex/psnfss/t1ptm.fd)
(/usr/share/texmf/tex/latex/hyperref/nameref.sty
(/usr/share/texmf/tex/latex/oberdiek/refcount.sty)) (./Rd2.out) (./Rd2.out)
(/usr/share/texmf/tex/latex/psnfss/t1pcr.fd)
(/usr/share/texmf/tex/latex/psnfss/t1phv.fd) (./Rd2.toc)
(/usr/share/texmf/tex/latex/base/utf8.def) [1{/var/lib/texmf/fonts/map/pdftex/u
pdmap/pdftex.map}] (/usr/share/texmf/tex/latex/base/utf8.def)
(/usr/share/texmf/tex/latex/psnfss/ts1pcr.fd) [2]
(/usr/share/texmf/tex/latex/base/utf8.def)
Overfull \hbox (156.78088pt too wide) in paragraph at lines 130--130
 []\T1/pcr/m/n/10 ReadData(datafile, line.names = FALSE, na.strings = "NA", mar
ker.names = FALSE, csv = FALSE)[] 
[3]
Overfull \hbox (36.7804pt too wide) in paragraph at lines 184--184
 []\T1/pcr/m/n/9 deldat <- ReadData(datafile="./deldata.txt", marker.names=TRUE
, line.names=TRUE)[] 
(/usr/share/texmf/tex/latex/base/utf8.def)
Overfull \hbox (330.78088pt too wide) in paragraph at lines 203--203
 []\T1/pcr/m/n/10 SimDeletions(numlines = NULL, plines = 0.5, nummarkers = NULL
, labels = NULL, Enumdel = 4, p.missing = NULL, seed = NULL)[] 
[4] (./Rd2.ind [5] [6]) (./Rd2.aux) )
(see the transcript file for additional information)pdfTeX warning (dest): name
{Rfn.plot} has been referenced but does not exist, replaced by a fixed one

pdfTeX warning (dest): name{Rfn.summary} has been referenced but does not exist
, replaced by a fixed one

{/usr/share/texmf/fonts/enc/dvips/base/8r.enc}</usr/share/texmf/fonts/type1/blu
esky/cm/cmsy10.pfb></usr/share/texmf/fonts/type1/urw/courier/ucrr8a.pfb></usr/s
hare/texmf/fonts/type1/urw/courier/ucrro8a.pfb></usr/share/texmf/fonts/type1/ur
w/helvetic/uhvr8a.pfb></usr/share/texmf/fonts/type1/urw/times/utmb8a.pfb></usr/
share/texmf/fonts/type1/urw/times/utmr8a.pfb></usr/share/texmf/fonts/type1/urw/
times/utmr8a.pfb></usr/share/texmf/fonts/type1/urw/times/utmri8a.pfb>
Output written on Rd2.pdf (6 pages, 100722 bytes).
Transcript written on Rd2.log.
This is makeindex, version 2.14 [02-Oct-2002] (kpathsea + Thai support).
Scanning input file Rd2.idx....done (12 entries accepted, 0 rejected).
Sorting entries....done (43 comparisons).
Generating output file Rd2.ind....done (28 lines written, 1 warning).
Output written in Rd2.ind.
Transcript written in Rd2.ilg.
This is pdfTeX, Version 3.141592-1.40.3 (Web2C 7.5.6)
entering extended mode
(./Rd2.tex
LaTeX2e <2005/12/01>
Babel <v3.8h> and hyphenation patterns for english, usenglishmax, dumylang, noh
yphenation, arabic, basque, bulgarian, coptic, welsh, czech, slovak, german, ng
erman, danish, esperanto, spanish, catalan, galician, estonian, farsi, finnish,
 french, greek, monogreek, ancientgreek, croatian, hungarian, interlingua, ibyc
us, indonesian, icelandic, italian, latin, mongolian, dutch, norsk, polish, por
tuguese, pinyin, romanian, russian, slovenian, uppersorbian, serbian, swedish, 
turkish, ukenglish, ukrainian, loaded.

(/usr/share/texmf/tex/latex/base/book.cls
Document Class: book 2005/09/16 v1.4f Standard LaTeX document class
(/usr/share/texmf/tex/latex/base/bk10.clo))
(/apps/R/2.15.0/lib64/R/share/texmf/tex/latex/Rd.sty
(/usr/share/texmf/tex/latex/base/ifthen.sty)
(/usr/share/texmf/tex/latex/tools/longtable.sty)
(/usr/share/texmf/tex/latex/tools/bm.sty)
(/usr/share/texmf/tex/latex/base/alltt.sty)
(/usr/share/texmf/tex/latex/tools/verbatim.sty)
(/usr/share/texmf/tex/latex/ltxmisc/url.sty)
(/apps/R/2.15.0/lib64/R/share/texmf/tex/latex/upquote.sty
(/usr/share/texmf/tex/latex/base/textcomp.sty
(/usr/share/texmf/tex/latex/base/ts1enc.def))) NOT loading ae
(/usr/share/texmf/tex/latex/base/fontenc.sty
(/usr/share/texmf/tex/latex/base/t1enc.def))
(/usr/share/texmf/tex/latex/psnfss/times.sty) NOT loading lmodern
(/usr/share/texmf/tex/latex/graphics/color.sty
(/usr/lib/texmf/tex/latex/config/color.cfg)
(/usr/share/texmf/tex/latex/pdftex-def/pdftex.def))
(/usr/share/texmf/tex/latex/hyperref/hyperref.sty
(/usr/share/texmf/tex/latex/graphics/keyval.sty)
(/usr/share/texmf/tex/latex/hyperref/pd1enc.def)
(/usr/lib/texmf/tex/latex/config/hyperref.cfg)
(/usr/share/texmf/tex/latex/oberdiek/kvoptions.sty)
Implicit mode ON; LaTeX internals redefined
)
*hyperref using default driver hpdftex*
(/usr/share/texmf/tex/latex/hyperref/hpdftex.def)

Package hyperref Warning: Option `hyperindex' has already been used,
(hyperref)                setting the option has no effect on input line 356.


Package hyperref Warning: Option `pagebackref' has already been used,
(hyperref)                setting the option has no effect on input line 356.

) (/usr/share/texmf/tex/latex/base/makeidx.sty)
(/usr/share/texmf/tex/latex/base/inputenc.sty
(/usr/share/texmf/tex/latex/base/utf8.def
(/usr/share/texmf/tex/latex/base/t1enc.dfu)
(/usr/share/texmf/tex/latex/base/ot1enc.dfu)
(/usr/share/texmf/tex/latex/base/omsenc.dfu)
(/usr/share/texmf/tex/latex/base/ts1enc.dfu))
(/usr/share/texmf/tex/latex/base/latin1.def))
Writing index file Rd2.idx
(./Rd2.aux) (/usr/share/texmf/tex/latex/base/ts1cmr.fd)
(/usr/share/texmf/tex/latex/psnfss/t1ptm.fd)
(/usr/share/texmf/tex/latex/hyperref/nameref.sty
(/usr/share/texmf/tex/latex/oberdiek/refcount.sty)) (./Rd2.out) (./Rd2.out)
(/usr/share/texmf/tex/latex/psnfss/t1pcr.fd)
(/usr/share/texmf/tex/latex/psnfss/t1phv.fd) (./Rd2.toc)
(/usr/share/texmf/tex/latex/base/utf8.def) [1{/var/lib/texmf/fonts/map/pdftex/u
pdmap/pdftex.map}] (/usr/share/texmf/tex/latex/base/utf8.def)
(/usr/share/texmf/tex/latex/psnfss/ts1pcr.fd) [2]
(/usr/share/texmf/tex/latex/base/utf8.def)
Overfull \hbox (156.78088pt too wide) in paragraph at lines 130--130
 []\T1/pcr/m/n/10 ReadData(datafile, line.names = FALSE, na.strings = "NA", mar
ker.names = FALSE, csv = FALSE)[] 
[3]
Overfull \hbox (36.7804pt too wide) in paragraph at lines 184--184
 []\T1/pcr/m/n/9 deldat <- ReadData(datafile="./deldata.txt", marker.names=TRUE
, line.names=TRUE)[] 
(/usr/share/texmf/tex/latex/base/utf8.def)
Overfull \hbox (330.78088pt too wide) in paragraph at lines 203--203
 []\T1/pcr/m/n/10 SimDeletions(numlines = NULL, plines = 0.5, nummarkers = NULL
, labels = NULL, Enumdel = 4, p.missing = NULL, seed = NULL)[] 
[4] (./Rd2.ind [5] [6]) (./Rd2.aux) )
(see the transcript file for additional information)pdfTeX warning (dest): name
{Rfn.plot} has been referenced but does not exist, replaced by a fixed one

pdfTeX warning (dest): name{Rfn.summary} has been referenced but does not exist
, replaced by a fixed one

{/usr/share/texmf/fonts/enc/dvips/base/8r.enc}</usr/share/texmf/fonts/type1/blu
esky/cm/cmsy10.pfb></usr/share/texmf/fonts/type1/urw/courier/ucrr8a.pfb></usr/s
hare/texmf/fonts/type1/urw/courier/ucrro8a.pfb></usr/share/texmf/fonts/type1/ur
w/helvetic/uhvr8a.pfb></usr/share/texmf/fonts/type1/urw/times/utmb8a.pfb></usr/
share/texmf/fonts/type1/urw/times/utmr8a.pfb></usr/share/texmf/fonts/type1/urw/
times/utmr8a.pfb></usr/share/texmf/fonts/type1/urw/times/utmri8a.pfb>
Output written on Rd2.pdf (6 pages, 101312 bytes).
Transcript written on Rd2.log.
Saving output to 'delmap-manual.pdf' ...
Done
You may want to clean up by 'rm -rf /tmp/RtmpfH5AwL/Rd2pdf507a43540af5'
